[2021-06-17 20:05:13] local.ERROR: Unable to detect application namespace. {"exception":"[object] (RuntimeException(code: 0): Unable to detect application namespace. at /usr/local/ampps/www/Bai-Tap-Chip/bai-tap-chip-yeu/BackEnd/vendor/laravel/framework/src/Illuminate/Foundation/Application.php:1268)
[stacktrace]
#0 /usr/local/ampps/www/Bai-Tap-Chip/bai-tap-chip-yeu/BackEnd/vendor/laravel/framework/src/Illuminate/Console/GeneratorCommand.php(246): Illuminate\\Foundation\\Application->getNamespace()
#1 /usr/local/ampps/www/Bai-Tap-Chip/bai-tap-chip-yeu/BackEnd/vendor/laravel/framework/src/Illuminate/Console/GeneratorCommand.php(89): Illuminate\\Console\\GeneratorCommand->rootNamespace()
#2 /usr/local/ampps/www/Bai-Tap-Chip/bai-tap-chip-yeu/BackEnd/vendor/laravel/framework/src/Illuminate/Console/GeneratorCommand.php(54): Illuminate\\Console\\GeneratorCommand->qualifyClass()
#3 /usr/local/ampps/www/Bai-Tap-Chip/bai-tap-chip-yeu/BackEnd/vendor/laravel/framework/src/Illuminate/Container/BoundMethod.php(36): Illuminate\\Console\\GeneratorCommand->handle()
#4 /usr/local/ampps/www/Bai-Tap-Chip/bai-tap-chip-yeu/BackEnd/vendor/laravel/framework/src/Illuminate/Container/Util.php(37): Illuminate\\Container\\BoundMethod::Illuminate\\Container\\{closure}()
#5 /usr/local/ampps/www/Bai-Tap-Chip/bai-tap-chip-yeu/BackEnd/vendor/laravel/framework/src/Illuminate/Container/BoundMethod.php(93): Illuminate\\Container\\Util::unwrapIfClosure()
#6 /usr/local/ampps/www/Bai-Tap-Chip/bai-tap-chip-yeu/BackEnd/vendor/laravel/framework/src/Illuminate/Container/BoundMethod.php(37): Illuminate\\Container\\BoundMethod::callBoundMethod()
#7 /usr/local/ampps/www/Bai-Tap-Chip/bai-tap-chip-yeu/BackEnd/vendor/laravel/framework/src/Illuminate/Container/Container.php(590): Illuminate\\Container\\BoundMethod::call()
#8 /usr/local/ampps/www/Bai-Tap-Chip/bai-tap-chip-yeu/BackEnd/vendor/laravel/framework/src/Illuminate/Console/Command.php(134): Illuminate\\Container\\Container->call()
#9 /usr/local/ampps/www/Bai-Tap-Chip/bai-tap-chip-yeu/BackEnd/vendor/symfony/console/Command/Command.php(255): Illuminate\\Console\\Command->execute()
#10 /usr/local/ampps/www/Bai-Tap-Chip/bai-tap-chip-yeu/BackEnd/vendor/laravel/framework/src/Illuminate/Console/Command.php(121): Symfony\\Component\\Console\\Command\\Command->run()
#11 /usr/local/ampps/www/Bai-Tap-Chip/bai-tap-chip-yeu/BackEnd/vendor/symfony/console/Application.php(1009): Illuminate\\Console\\Command->run()
#12 /usr/local/ampps/www/Bai-Tap-Chip/bai-tap-chip-yeu/BackEnd/vendor/symfony/console/Application.php(273): Symfony\\Component\\Console\\Application->doRunCommand()
#13 /usr/local/ampps/www/Bai-Tap-Chip/bai-tap-chip-yeu/BackEnd/vendor/symfony/console/Application.php(149): Symfony\\Component\\Console\\Application->doRun()
#14 /usr/local/ampps/www/Bai-Tap-Chip/bai-tap-chip-yeu/BackEnd/vendor/laravel/framework/src/Illuminate/Console/Application.php(93): Symfony\\Component\\Console\\Application->run()
#15 /usr/local/ampps/www/Bai-Tap-Chip/bai-tap-chip-yeu/BackEnd/vendor/laravel/framework/src/Illuminate/Foundation/Console/Kernel.php(131): Illuminate\\Console\\Application->run()
#16 /usr/local/ampps/www/Bai-Tap-Chip/bai-tap-chip-yeu/BackEnd/artisan(37): Illuminate\\Foundation\\Console\\Kernel->handle()
#17 {main}
"} 
[2021-06-17 20:05:28] local.ERROR: Unable to detect application namespace. {"exception":"[object] (RuntimeException(code: 0): Unable to detect application namespace. at /usr/local/ampps/www/Bai-Tap-Chip/bai-tap-chip-yeu/BackEnd/vendor/laravel/framework/src/Illuminate/Foundation/Application.php:1268)
[stacktrace]
#0 /usr/local/ampps/www/Bai-Tap-Chip/bai-tap-chip-yeu/BackEnd/vendor/laravel/framework/src/Illuminate/Console/GeneratorCommand.php(246): Illuminate\\Foundation\\Application->getNamespace()
#1 /usr/local/ampps/www/Bai-Tap-Chip/bai-tap-chip-yeu/BackEnd/vendor/laravel/framework/src/Illuminate/Console/GeneratorCommand.php(89): Illuminate\\Console\\GeneratorCommand->rootNamespace()
#2 /usr/local/ampps/www/Bai-Tap-Chip/bai-tap-chip-yeu/BackEnd/vendor/laravel/framework/src/Illuminate/Console/GeneratorCommand.php(54): Illuminate\\Console\\GeneratorCommand->qualifyClass()
#3 /usr/local/ampps/www/Bai-Tap-Chip/bai-tap-chip-yeu/BackEnd/vendor/laravel/framework/src/Illuminate/Container/BoundMethod.php(36): Illuminate\\Console\\GeneratorCommand->handle()
#4 /usr/local/ampps/www/Bai-Tap-Chip/bai-tap-chip-yeu/BackEnd/vendor/laravel/framework/src/Illuminate/Container/Util.php(37): Illuminate\\Container\\BoundMethod::Illuminate\\Container\\{closure}()
#5 /usr/local/ampps/www/Bai-Tap-Chip/bai-tap-chip-yeu/BackEnd/vendor/laravel/framework/src/Illuminate/Container/BoundMethod.php(93): Illuminate\\Container\\Util::unwrapIfClosure()
#6 /usr/local/ampps/www/Bai-Tap-Chip/bai-tap-chip-yeu/BackEnd/vendor/laravel/framework/src/Illuminate/Container/BoundMethod.php(37): Illuminate\\Container\\BoundMethod::callBoundMethod()
#7 /usr/local/ampps/www/Bai-Tap-Chip/bai-tap-chip-yeu/BackEnd/vendor/laravel/framework/src/Illuminate/Container/Container.php(590): Illuminate\\Container\\BoundMethod::call()
#8 /usr/local/ampps/www/Bai-Tap-Chip/bai-tap-chip-yeu/BackEnd/vendor/laravel/framework/src/Illuminate/Console/Command.php(134): Illuminate\\Container\\Container->call()
#9 /usr/local/ampps/www/Bai-Tap-Chip/bai-tap-chip-yeu/BackEnd/vendor/symfony/console/Command/Command.php(255): Illuminate\\Console\\Command->execute()
#10 /usr/local/ampps/www/Bai-Tap-Chip/bai-tap-chip-yeu/BackEnd/vendor/laravel/framework/src/Illuminate/Console/Command.php(121): Symfony\\Component\\Console\\Command\\Command->run()
#11 /usr/local/ampps/www/Bai-Tap-Chip/bai-tap-chip-yeu/BackEnd/vendor/symfony/console/Application.php(1009): Illuminate\\Console\\Command->run()
#12 /usr/local/ampps/www/Bai-Tap-Chip/bai-tap-chip-yeu/BackEnd/vendor/symfony/console/Application.php(273): Symfony\\Component\\Console\\Application->doRunCommand()
#13 /usr/local/ampps/www/Bai-Tap-Chip/bai-tap-chip-yeu/BackEnd/vendor/symfony/console/Application.php(149): Symfony\\Component\\Console\\Application->doRun()
#14 /usr/local/ampps/www/Bai-Tap-Chip/bai-tap-chip-yeu/BackEnd/vendor/laravel/framework/src/Illuminate/Console/Application.php(93): Symfony\\Component\\Console\\Application->run()
#15 /usr/local/ampps/www/Bai-Tap-Chip/bai-tap-chip-yeu/BackEnd/vendor/laravel/framework/src/Illuminate/Foundation/Console/Kernel.php(131): Illuminate\\Console\\Application->run()
#16 /usr/local/ampps/www/Bai-Tap-Chip/bai-tap-chip-yeu/BackEnd/artisan(37): Illuminate\\Foundation\\Console\\Kernel->handle()
#17 {main}
"} 
